0 info it worked if it ends with ok
1 verbose cli [ 'D:\\node-dev\\node.exe',
1 verbose cli   'D:\\node-dev\\node_modules\\npm\\bin\\npm-cli.js',
1 verbose cli   'start' ]
2 info using npm@3.10.8
3 info using node@v6.8.1
4 verbose run-script [ 'prestart', 'start', 'poststart' ]
5 info lifecycle server@0.0.0~prestart: server@0.0.0
6 silly lifecycle server@0.0.0~prestart: no script for prestart, continuing
7 info lifecycle server@0.0.0~start: server@0.0.0
8 verbose lifecycle server@0.0.0~start: unsafe-perm in lifecycle true
9 verbose lifecycle server@0.0.0~start: PATH: D:\node-dev\node_modules\npm\bin\node-gyp-bin;D:\vue-dev\express-learn\vue-express-demo\server\node_modules\.bin;C:\ProgramData\Oracle\Java\javapath;C:\Windows\system32;C:\Windows;C:\Windows\System32\Wbem;C:\Windows\System32\WindowsPowerShell\v1.0\;C:\Program Files (x86)\Microsoft SQL Server\100\Tools\Binn\;C:\Program Files\Microsoft SQL Server\100\Tools\Binn\;C:\Program Files\Microsoft SQL Server\100\DTS\Binn\;C:\Program Files (x86)\Microsoft SQL Server\100\Tools\Binn\VSShell\Common7\IDE\;C:\Program Files (x86)\Microsoft SQL Server\100\DTS\Binn\;C:\Program Files (x86)\Microsoft Visual Studio 9.0\Common7\IDE\PrivateAssemblies\;D:\jdk1.8\bin;D:\jdk1.8\jre\bin;D:\devtools\maven\apache-maven-3.0.5\bin;E:\installPackage\apache-cxf-2.7.18\bin;C:\strawberry\c\bin;C:\strawberry\perl\bin;E:\installSoftware\Git\cmd;E:\installSoftware\;D:\node-dev\;PATH = D:\dtools\nodejs\node_globalPATH = D:\dtools\nodejs\node_global;E:\installSoftware\bin;C:\Program Files\VisualSVN Server\bin;C:\Program Files\SlikSvn\bin;D:\dtools\nodejs\node_global
10 verbose lifecycle server@0.0.0~start: CWD: D:\vue-dev\express-learn\vue-express-demo\server
11 silly lifecycle server@0.0.0~start: Args: [ '/d /s /c', 'node ./bin/www' ]
12 silly lifecycle server@0.0.0~start: Returned: code: 3221225786  signal: null
13 info lifecycle server@0.0.0~start: Failed to exec start script
14 verbose stack Error: server@0.0.0 start: `node ./bin/www`
14 verbose stack Exit status 3221225786
14 verbose stack     at EventEmitter.<anonymous> (D:\node-dev\node_modules\npm\lib\utils\lifecycle.js:255:16)
14 verbose stack     at emitTwo (events.js:106:13)
14 verbose stack     at EventEmitter.emit (events.js:191:7)
14 verbose stack     at ChildProcess.<anonymous> (D:\node-dev\node_modules\npm\lib\utils\spawn.js:40:14)
14 verbose stack     at emitTwo (events.js:106:13)
14 verbose stack     at ChildProcess.emit (events.js:191:7)
14 verbose stack     at maybeClose (internal/child_process.js:877:16)
14 verbose stack     at Process.ChildProcess._handle.onexit (internal/child_process.js:226:5)
15 verbose pkgid server@0.0.0
16 verbose cwd D:\vue-dev\express-learn\vue-express-demo\server
17 error Windows_NT 6.1.7601
18 error argv "D:\\node-dev\\node.exe" "D:\\node-dev\\node_modules\\npm\\bin\\npm-cli.js" "start"
19 error node v6.8.1
20 error npm  v3.10.8
21 error code ELIFECYCLE
22 error server@0.0.0 start: `node ./bin/www`
22 error Exit status 3221225786
23 error Failed at the server@0.0.0 start script 'node ./bin/www'.
23 error Make sure you have the latest version of node.js and npm installed.
23 error If you do, this is most likely a problem with the server package,
23 error not with npm itself.
23 error Tell the author that this fails on your system:
23 error     node ./bin/www
23 error You can get information on how to open an issue for this project with:
23 error     npm bugs server
23 error Or if that isn't available, you can get their info via:
23 error     npm owner ls server
23 error There is likely additional logging output above.
24 verbose exit [ 1, true ]
